0 info it worked if it ends with ok
1 verbose cli [ '/usr/bin/nodejs', '/usr/bin/npm', 'install', 'node' ]
2 info using npm@3.5.2
3 info using node@v4.2.6
4 silly loadCurrentTree Starting
5 silly install loadCurrentTree
6 silly install readLocalPackageData
7 silly fetchPackageMetaData node
8 silly fetchNamedPackageData node
9 silly mapToRegistry name node
10 silly mapToRegistry using default registry
11 silly mapToRegistry registry https://registry.npmjs.org/
12 silly mapToRegistry uri https://registry.npmjs.org/node
13 verbose request uri https://registry.npmjs.org/node
14 verbose request no auth needed
15 info attempt registry request try #1 at 5:57:28 AM
16 verbose request id 97fe2fec43faf52c
17 http request GET https://registry.npmjs.org/node
18 http 200 https://registry.npmjs.org/node
19 verbose headers { date: 'Wed, 16 Sep 2020 05:57:29 GMT',
19 verbose headers   'content-type': 'application/json',
19 verbose headers   'transfer-encoding': 'chunked',
19 verbose headers   connection: 'keep-alive',
19 verbose headers   'set-cookie': [ '__cfduid=d177eb66c8e9aeb7be9948168cd214c7c1600235849; expires=Fri, 16-Oct-20 05:57:29 GMT; path=/; domain=.npmjs.org; HttpOnly; SameSite=Lax' ],
19 verbose headers   'cf-ray': '5d3859a85db029af-IAD',
19 verbose headers   age: '2487',
19 verbose headers   'cache-control': 'public, max-age=300',
19 verbose headers   etag: 'W/"f130170af2fa58a80ce3357fe69001e5"',
19 verbose headers   'last-modified': 'Wed, 16 Sep 2020 03:02:48 GMT',
19 verbose headers   vary: 'accept-encoding, accept',
19 verbose headers   'cf-cache-status': 'HIT',
19 verbose headers   'cf-request-id': '0537165d36000029af65085200000001',
19 verbose headers   'expect-ct': 'max-age=604800, report-uri="https://report-uri.cloudflare.com/cdn-cgi/beacon/expect-ct"',
19 verbose headers   server: 'cloudflare',
19 verbose headers   'content-encoding': 'gzip' }
20 silly get cb [ 200,
20 silly get   { date: 'Wed, 16 Sep 2020 05:57:29 GMT',
20 silly get     'content-type': 'application/json',
20 silly get     'transfer-encoding': 'chunked',
20 silly get     connection: 'keep-alive',
20 silly get     'set-cookie': [ '__cfduid=d177eb66c8e9aeb7be9948168cd214c7c1600235849; expires=Fri, 16-Oct-20 05:57:29 GMT; path=/; domain=.npmjs.org; HttpOnly; SameSite=Lax' ],
20 silly get     'cf-ray': '5d3859a85db029af-IAD',
20 silly get     age: '2487',
20 silly get     'cache-control': 'public, max-age=300',
20 silly get     etag: 'W/"f130170af2fa58a80ce3357fe69001e5"',
20 silly get     'last-modified': 'Wed, 16 Sep 2020 03:02:48 GMT',
20 silly get     vary: 'accept-encoding, accept',
20 silly get     'cf-cache-status': 'HIT',
20 silly get     'cf-request-id': '0537165d36000029af65085200000001',
20 silly get     'expect-ct': 'max-age=604800, report-uri="https://report-uri.cloudflare.com/cdn-cgi/beacon/expect-ct"',
20 silly get     server: 'cloudflare',
20 silly get     'content-encoding': 'gzip' } ]
21 verbose get saving node to /home/ubuntu/.npm/registry.npmjs.org/node/.cache.json
22 silly install normalizeTree
23 silly loadCurrentTree Finishing
24 silly loadIdealTree Starting
25 silly install loadIdealTree
26 silly cloneCurrentTree Starting
27 silly install cloneCurrentTreeToIdealTree
28 silly cloneCurrentTree Finishing
29 silly loadShrinkwrap Starting
30 silly install loadShrinkwrap
31 silly loadShrinkwrap Finishing
32 silly loadAllDepsIntoIdealTree Starting
33 silly install loadAllDepsIntoIdealTree
34 silly resolveWithNewModule node@14.11.0 checking installable status
35 silly cache add args [ 'node', null ]
36 verbose cache add spec node
37 silly cache add parsed spec Result {
37 silly cache add   raw: 'node',
37 silly cache add   scope: null,
37 silly cache add   name: 'node',
37 silly cache add   rawSpec: '',
37 silly cache add   spec: 'latest',
37 silly cache add   type: 'tag' }
38 silly addNamed node@latest
39 verbose addNamed "latest" is being treated as a dist-tag for node
40 info addNameTag [ 'node', 'latest' ]
41 silly mapToRegistry name node
42 silly mapToRegistry using default registry
43 silly mapToRegistry registry https://registry.npmjs.org/
44 silly mapToRegistry uri https://registry.npmjs.org/node
45 verbose addNameTag registry:https://registry.npmjs.org/node not in flight; fetching
46 verbose get https://registry.npmjs.org/node not expired, no request
47 silly addNameTag next cb for node with tag latest
48 silly addNamed node@14.11.0
49 verbose addNamed "14.11.0" is a plain semver version for node
50 silly mapToRegistry name node
51 silly mapToRegistry using default registry
52 silly mapToRegistry registry https://registry.npmjs.org/
53 silly mapToRegistry uri https://registry.npmjs.org/node
54 verbose addRemoteTarball https://registry.npmjs.org/node/-/node-14.11.0.tgz not in flight; adding
55 verbose addRemoteTarball [ 'https://registry.npmjs.org/node/-/node-14.11.0.tgz',
55 verbose addRemoteTarball   '0a7c6206fa8ce655a7d8251fd6ef07d7c58ffc82' ]
56 info retry fetch attempt 1 at 5:57:29 AM
57 info attempt registry request try #1 at 5:57:29 AM
58 http fetch GET https://registry.npmjs.org/node/-/node-14.11.0.tgz
59 http fetch 200 https://registry.npmjs.org/node/-/node-14.11.0.tgz
60 silly fetchAndShaCheck shasum 0a7c6206fa8ce655a7d8251fd6ef07d7c58ffc82
61 verbose addTmpTarball /tmp/npm-1567-b4fec516/registry.npmjs.org/node/-/node-14.11.0.tgz not in flight; adding
62 verbose addTmpTarball already have metadata; skipping unpack for node@14.11.0
63 silly cache afterAdd node@14.11.0
64 verbose afterAdd /home/ubuntu/.npm/node/14.11.0/package/package.json not in flight; writing
65 verbose afterAdd /home/ubuntu/.npm/node/14.11.0/package/package.json written
66 silly fetchNamedPackageData node-bin-setup
67 silly mapToRegistry name node-bin-setup
68 silly mapToRegistry using default registry
69 silly mapToRegistry registry https://registry.npmjs.org/
70 silly mapToRegistry uri https://registry.npmjs.org/node-bin-setup
71 verbose request uri https://registry.npmjs.org/node-bin-setup
72 verbose request no auth needed
73 info attempt registry request try #1 at 5:57:29 AM
74 http request GET https://registry.npmjs.org/node-bin-setup
75 http 200 https://registry.npmjs.org/node-bin-setup
76 verbose headers { date: 'Wed, 16 Sep 2020 05:57:29 GMT',
76 verbose headers   'content-type': 'application/json; charset=UTF-8',
76 verbose headers   'transfer-encoding': 'chunked',
76 verbose headers   connection: 'keep-alive',
76 verbose headers   'set-cookie': [ '__cfduid=d5bd2c7efc2502a187246646c5a1fa8141600235849; expires=Fri, 16-Oct-20 05:57:29 GMT; path=/; domain=.npmjs.org; HttpOnly; SameSite=Lax' ],
76 verbose headers   'cf-ray': '5d3859a9ba3df0b9-IAD',
76 verbose headers   age: '6332',
76 verbose headers   'cache-control': 'public, max-age=300',
76 verbose headers   etag: 'W/"696d6ec470fda56a33885508a280edab"',
76 verbose headers   'last-modified': 'Sun, 27 May 2018 09:55:03 GMT',
76 verbose headers   vary: 'accept-encoding, accept',
76 verbose headers   'cf-cache-status': 'HIT',
76 verbose headers   'cf-request-id': '0537165e100000f0b9311a5200000001',
76 verbose headers   'expect-ct': 'max-age=604800, report-uri="https://report-uri.cloudflare.com/cdn-cgi/beacon/expect-ct"',
76 verbose headers   server: 'cloudflare',
76 verbose headers   'content-encoding': 'gzip' }
77 silly get cb [ 200,
77 silly get   { date: 'Wed, 16 Sep 2020 05:57:29 GMT',
77 silly get     'content-type': 'application/json; charset=UTF-8',
77 silly get     'transfer-encoding': 'chunked',
77 silly get     connection: 'keep-alive',
77 silly get     'set-cookie': [ '__cfduid=d5bd2c7efc2502a187246646c5a1fa8141600235849; expires=Fri, 16-Oct-20 05:57:29 GMT; path=/; domain=.npmjs.org; HttpOnly; SameSite=Lax' ],
77 silly get     'cf-ray': '5d3859a9ba3df0b9-IAD',
77 silly get     age: '6332',
77 silly get     'cache-control': 'public, max-age=300',
77 silly get     etag: 'W/"696d6ec470fda56a33885508a280edab"',
77 silly get     'last-modified': 'Sun, 27 May 2018 09:55:03 GMT',
77 silly get     vary: 'accept-encoding, accept',
77 silly get     'cf-cache-status': 'HIT',
77 silly get     'cf-request-id': '0537165e100000f0b9311a5200000001',
77 silly get     'expect-ct': 'max-age=604800, report-uri="https://report-uri.cloudflare.com/cdn-cgi/beacon/expect-ct"',
77 silly get     server: 'cloudflare',
77 silly get     'content-encoding': 'gzip' } ]
78 verbose get saving node-bin-setup to /home/ubuntu/.npm/registry.npmjs.org/node-bin-setup/.cache.json
79 silly resolveWithNewModule node-bin-setup@1.0.6 checking installable status
80 silly cache add args [ 'node-bin-setup@^1.0.0', null ]
81 verbose cache add spec node-bin-setup@^1.0.0
82 silly cache add parsed spec Result {
82 silly cache add   raw: 'node-bin-setup@^1.0.0',
82 silly cache add   scope: null,
82 silly cache add   name: 'node-bin-setup',
82 silly cache add   rawSpec: '^1.0.0',
82 silly cache add   spec: '>=1.0.0 <2.0.0',
82 silly cache add   type: 'range' }
83 silly addNamed node-bin-setup@>=1.0.0 <2.0.0
84 verbose addNamed ">=1.0.0 <2.0.0" is a valid semver range for node-bin-setup
85 silly addNameRange { name: 'node-bin-setup',
85 silly addNameRange   range: '>=1.0.0 <2.0.0',
85 silly addNameRange   hasData: false }
86 silly mapToRegistry name node-bin-setup
87 silly mapToRegistry using default registry
88 silly mapToRegistry registry https://registry.npmjs.org/
89 silly mapToRegistry uri https://registry.npmjs.org/node-bin-setup
90 verbose addNameRange registry:https://registry.npmjs.org/node-bin-setup not in flight; fetching
91 verbose get https://registry.npmjs.org/node-bin-setup not expired, no request
92 silly addNameRange number 2 { name: 'node-bin-setup',
92 silly addNameRange   range: '>=1.0.0 <2.0.0',
92 silly addNameRange   hasData: true }
93 silly addNameRange versions [ 'node-bin-setup',
93 silly addNameRange   [ '1.0.0', '1.0.1', '1.0.2', '1.0.3', '1.0.4', '1.0.6' ] ]
94 silly addNamed node-bin-setup@1.0.6
95 verbose addNamed "1.0.6" is a plain semver version for node-bin-setup
96 silly mapToRegistry name node-bin-setup
97 silly mapToRegistry using default registry
98 silly mapToRegistry registry https://registry.npmjs.org/
99 silly mapToRegistry uri https://registry.npmjs.org/node-bin-setup
100 verbose addRemoteTarball https://registry.npmjs.org/node-bin-setup/-/node-bin-setup-1.0.6.tgz not in flight; adding
101 verbose addRemoteTarball [ 'https://registry.npmjs.org/node-bin-setup/-/node-bin-setup-1.0.6.tgz',
101 verbose addRemoteTarball   '4b5c9bb937ece702d7069b36ca78af4684677528' ]
102 info retry fetch attempt 1 at 5:57:29 AM
103 info attempt registry request try #1 at 5:57:29 AM
104 http fetch GET https://registry.npmjs.org/node-bin-setup/-/node-bin-setup-1.0.6.tgz
105 http fetch 200 https://registry.npmjs.org/node-bin-setup/-/node-bin-setup-1.0.6.tgz
106 silly fetchAndShaCheck shasum 4b5c9bb937ece702d7069b36ca78af4684677528
107 verbose addTmpTarball /tmp/npm-1567-b4fec516/registry.npmjs.org/node-bin-setup/-/node-bin-setup-1.0.6.tgz not in flight; adding
108 verbose addTmpTarball already have metadata; skipping unpack for node-bin-setup@1.0.6
109 silly cache afterAdd node-bin-setup@1.0.6
110 verbose afterAdd /home/ubuntu/.npm/node-bin-setup/1.0.6/package/package.json not in flight; writing
111 verbose afterAdd /home/ubuntu/.npm/node-bin-setup/1.0.6/package/package.json written
112 silly loadAllDepsIntoIdealTree Finishing
113 silly idealTree:prePrune eLearningandMentoring@0.1.0
113 silly idealTree:prePrune ├── node-bin-setup@1.0.6
113 silly idealTree:prePrune ├── node@14.11.0
113 silly idealTree:prePrune └── nodejs@0.0.0
114 silly loadIdealTree Finishing
115 silly currentTree eLearningandMentoring@0.1.0
115 silly currentTree └── nodejs@0.0.0
116 silly idealTree eLearningandMentoring@0.1.0
116 silly idealTree ├── node-bin-setup@1.0.6
116 silly idealTree ├── node@14.11.0
116 silly idealTree └── nodejs@0.0.0
117 silly generateActionsToTake Starting
118 silly install generateActionsToTake
119 silly generateActionsToTake Finishing
120 silly diffTrees action count 3
121 silly diffTrees add node-bin-setup@1.0.6
122 silly diffTrees add node@14.11.0
123 silly diffTrees update nodejs@0.0.0
124 silly decomposeActions action count 24
125 silly decomposeActions fetch node-bin-setup@1.0.6
126 silly decomposeActions extract node-bin-setup@1.0.6
127 silly decomposeActions test node-bin-setup@1.0.6
128 silly decomposeActions preinstall node-bin-setup@1.0.6
129 silly decomposeActions build node-bin-setup@1.0.6
130 silly decomposeActions install node-bin-setup@1.0.6
131 silly decomposeActions postinstall node-bin-setup@1.0.6
132 silly decomposeActions finalize node-bin-setup@1.0.6
133 silly decomposeActions fetch node@14.11.0
134 silly decomposeActions extract node@14.11.0
135 silly decomposeActions test node@14.11.0
136 silly decomposeActions preinstall node@14.11.0
137 silly decomposeActions build node@14.11.0
138 silly decomposeActions install node@14.11.0
139 silly decomposeActions postinstall node@14.11.0
140 silly decomposeActions finalize node@14.11.0
141 silly decomposeActions fetch nodejs@0.0.0
142 silly decomposeActions extract nodejs@0.0.0
143 silly decomposeActions test nodejs@0.0.0
144 silly decomposeActions preinstall nodejs@0.0.0
145 silly decomposeActions build nodejs@0.0.0
146 silly decomposeActions install nodejs@0.0.0
147 silly decomposeActions postinstall nodejs@0.0.0
148 silly decomposeActions finalize nodejs@0.0.0
149 silly executeActions Starting
150 silly install executeActions
151 silly doSerial global-install 0
152 silly doParallel fetch 3
153 verbose lock using /home/ubuntu/.npm/_locks/staging-a6a3cca59c0393a6.lock for /home/ubuntu/eLearningandMentoring/node_modules/.staging
154 silly doParallel extract 3
155 silly extract node-bin-setup@1.0.6
156 silly extract node@14.11.0
157 silly extract nodejs@0.0.0
158 verbose unbuild node_modules/.staging/node-bin-setup-6b05b504
159 verbose unbuild node_modules/.staging/nodejs-906d520b
160 verbose unbuild node_modules/.staging/node-8c97d485
161 silly gentlyRm /home/ubuntu/eLearningandMentoring/node_modules/.staging/node-bin-setup-6b05b504 is being purged from base /home/ubuntu/eLearningandMentoring
162 verbose gentlyRm don't care about contents; nuking /home/ubuntu/eLearningandMentoring/node_modules/.staging/node-bin-setup-6b05b504
163 silly gentlyRm /home/ubuntu/eLearningandMentoring/node_modules/.staging/nodejs-906d520b is being purged from base /home/ubuntu/eLearningandMentoring
164 verbose gentlyRm don't care about contents; nuking /home/ubuntu/eLearningandMentoring/node_modules/.staging/nodejs-906d520b
165 verbose tar unpack /home/ubuntu/.npm/node-bin-setup/1.0.6/package.tgz
166 verbose tar unpacking to /home/ubuntu/eLearningandMentoring/node_modules/.staging/node-bin-setup-6b05b504
167 silly gentlyRm /home/ubuntu/eLearningandMentoring/node_modules/.staging/node-bin-setup-6b05b504 is being purged
168 verbose gentlyRm don't care about contents; nuking /home/ubuntu/eLearningandMentoring/node_modules/.staging/node-bin-setup-6b05b504
169 silly gentlyRm /home/ubuntu/eLearningandMentoring/node_modules/.staging/node-8c97d485 is being purged from base /home/ubuntu/eLearningandMentoring
170 verbose gentlyRm don't care about contents; nuking /home/ubuntu/eLearningandMentoring/node_modules/.staging/node-8c97d485
171 verbose tar unpack /home/ubuntu/.npm/nodejs/0.0.0/package.tgz
172 verbose tar unpacking to /home/ubuntu/eLearningandMentoring/node_modules/.staging/nodejs-906d520b
173 silly gentlyRm /home/ubuntu/eLearningandMentoring/node_modules/.staging/nodejs-906d520b is being purged
174 verbose gentlyRm don't care about contents; nuking /home/ubuntu/eLearningandMentoring/node_modules/.staging/nodejs-906d520b
175 silly gunzTarPerm modes [ '755', '644' ]
176 verbose tar unpack /home/ubuntu/.npm/node/14.11.0/package.tgz
177 verbose tar unpacking to /home/ubuntu/eLearningandMentoring/node_modules/.staging/node-8c97d485
178 silly gentlyRm /home/ubuntu/eLearningandMentoring/node_modules/.staging/node-8c97d485 is being purged
179 verbose gentlyRm don't care about contents; nuking /home/ubuntu/eLearningandMentoring/node_modules/.staging/node-8c97d485
180 silly gunzTarPerm modes [ '755', '644' ]
181 silly gunzTarPerm modes [ '755', '644' ]
182 silly gunzTarPerm extractEntry package.json
183 silly gunzTarPerm extractEntry package.json
184 silly gunzTarPerm modified mode [ 'package.json', 438, 420 ]
185 silly gunzTarPerm extractEntry installArchSpecificPackage.js
186 silly gunzTarPerm extractEntry index.js
187 silly gunzTarPerm extractEntry 1/getmodule.js
188 silly gunzTarPerm modified mode [ '1/getmodule.js', 438, 420 ]
189 silly gunzTarPerm extractEntry 1/module.js
190 silly gunzTarPerm modified mode [ '1/module.js', 438, 420 ]
191 silly gunzTarPerm extractEntry package.json
192 silly gunzTarPerm extractEntry README.md
193 silly gunzTarPerm extractEntry 1/singleobject.js
194 silly gunzTarPerm modified mode [ '1/singleobject.js', 438, 420 ]
195 silly gentlyRm /home/ubuntu/eLearningandMentoring/node_modules/.staging/node-bin-setup-6b05b504/node_modules is being purged
196 verbose gentlyRm don't care about contents; nuking /home/ubuntu/eLearningandMentoring/node_modules/.staging/node-bin-setup-6b05b504/node_modules
197 silly gentlyRm /home/ubuntu/eLearningandMentoring/node_modules/.staging/node-8c97d485/node_modules is being purged
198 verbose gentlyRm don't care about contents; nuking /home/ubuntu/eLearningandMentoring/node_modules/.staging/node-8c97d485/node_modules
199 silly gentlyRm /home/ubuntu/eLearningandMentoring/node_modules/.staging/nodejs-906d520b/node_modules is being purged
200 verbose gentlyRm don't care about contents; nuking /home/ubuntu/eLearningandMentoring/node_modules/.staging/nodejs-906d520b/node_modules
201 silly doParallel preinstall 3
202 silly preinstall node-bin-setup@1.0.6 /home/ubuntu/eLearningandMentoring/node_modules/.staging/node-bin-setup-6b05b504
203 info lifecycle node-bin-setup@1.0.6~preinstall: node-bin-setup@1.0.6
204 silly preinstall node@14.11.0 /home/ubuntu/eLearningandMentoring/node_modules/.staging/node-8c97d485
205 info lifecycle node@14.11.0~preinstall: node@14.11.0
206 silly preinstall nodejs@0.0.0 /home/ubuntu/eLearningandMentoring/node_modules/.staging/nodejs-906d520b
207 info lifecycle nodejs@0.0.0~preinstall: nodejs@0.0.0
208 silly lifecycle node-bin-setup@1.0.6~preinstall: no script for preinstall, continuing
209 warn lifecycle node@14.11.0~preinstall: cannot run in wd %s %s (wd=%s) node@14.11.0 node installArchSpecificPackage /home/ubuntu/eLearningandMentoring/node_modules/.staging/node-8c97d485
210 silly lifecycle nodejs@0.0.0~preinstall: no script for preinstall, continuing
211 silly doReverseSerial remove 0
212 silly doSerial move 0
213 silly doSerial finalize 3
214 silly finalize /home/ubuntu/eLearningandMentoring/node_modules/node-bin-setup
215 silly finalize /home/ubuntu/eLearningandMentoring/node_modules/node
216 silly finalize /home/ubuntu/eLearningandMentoring/node_modules/nodejs
217 silly doSerial build 3
218 silly build node-bin-setup@1.0.6
219 info linkStuff node-bin-setup@1.0.6
220 silly linkStuff node-bin-setup@1.0.6 has /home/ubuntu/eLearningandMentoring/node_modules as its parent node_modules
221 verbose linkBins node-bin-setup@1.0.6
222 verbose linkMans node-bin-setup@1.0.6
223 silly build node@14.11.0
224 info linkStuff node@14.11.0
225 silly linkStuff node@14.11.0 has /home/ubuntu/eLearningandMentoring/node_modules as its parent node_modules
226 verbose linkBins node@14.11.0
227 verbose link bins [ { node: 'bin/node' },
227 verbose link bins   '/home/ubuntu/eLearningandMentoring/node_modules/.bin',
227 verbose link bins   false ]
228 verbose linkMans node@14.11.0
229 verbose unlock done using /home/ubuntu/.npm/_locks/staging-a6a3cca59c0393a6.lock for /home/ubuntu/eLearningandMentoring/node_modules/.staging
230 silly rollbackFailedOptional Starting
231 silly rollbackFailedOptional Finishing
232 silly runTopLevelLifecycles Starting
233 silly runTopLevelLifecycles Finishing
234 silly install printInstalled
235 verbose stack Error: ENOENT: no such file or directory, chmod '/home/ubuntu/eLearningandMentoring/node_modules/node/bin/node'
235 verbose stack     at Error (native)
236 verbose cwd /home/ubuntu/eLearningandMentoring
237 error Linux 4.4.0-1112-aws
238 error argv "/usr/bin/nodejs" "/usr/bin/npm" "install" "node"
239 error node v4.2.6
240 error npm  v3.5.2
241 error path /home/ubuntu/eLearningandMentoring/node_modules/node/bin/node
242 error code ENOENT
243 error errno -2
244 error syscall chmod
245 error enoent ENOENT: no such file or directory, chmod '/home/ubuntu/eLearningandMentoring/node_modules/node/bin/node'
246 error enoent ENOENT: no such file or directory, chmod '/home/ubuntu/eLearningandMentoring/node_modules/node/bin/node'
246 error enoent This is most likely not a problem with npm itself
246 error enoent and is related to npm not being able to find a file.
247 verbose exit [ -2, true ]
